C:\USERS\USZ\DOCUMENTS\C C++ C#\BOOMANEK\BOMB\BOMB\RELEASE\PAUSEMENU.OBJ
C:\USERS\USZ\DOCUMENTS\C C++ C#\BOOMANEK\BOMB\BOMB\RELEASE\OPTIONS.OBJ
C:\USERS\USZ\DOCUMENTS\C C++ C#\BOOMANEK\BOMB\BOMB\RELEASE\MONSTER.OBJ
C:\USERS\USZ\DOCUMENTS\C C++ C#\BOOMANEK\BOMB\BOMB\RELEASE\MENU.OBJ
C:\USERS\USZ\DOCUMENTS\C C++ C#\BOOMANEK\BOMB\BOMB\RELEASE\MAP.OBJ
C:\USERS\USZ\DOCUMENTS\C C++ C#\BOOMANEK\BOMB\BOMB\RELEASE\MAINMENU.OBJ
C:\USERS\USZ\DOCUMENTS\C C++ C#\BOOMANEK\BOMB\BOMB\RELEASE\MAIN.OBJ
C:\USERS\USZ\DOCUMENTS\C C++ C#\BOOMANEK\BOMB\BOMB\RELEASE\INTRO.OBJ
C:\USERS\USZ\DOCUMENTS\C C++ C#\BOOMANEK\BOMB\BOMB\RELEASE\INTERFACE.OBJ
C:\USERS\USZ\DOCUMENTS\C C++ C#\BOOMANEK\BOMB\BOMB\RELEASE\GAMERESOURCES.OBJ
C:\USERS\USZ\DOCUMENTS\C C++ C#\BOOMANEK\BOMB\BOMB\RELEASE\GAMEOVER.OBJ
C:\USERS\USZ\DOCUMENTS\C C++ C#\BOOMANEK\BOMB\BOMB\RELEASE\GAME.OBJ
C:\USERS\USZ\DOCUMENTS\C C++ C#\BOOMANEK\BOMB\BOMB\RELEASE\FIELD.OBJ
C:\USERS\USZ\DOCUMENTS\C C++ C#\BOOMANEK\BOMB\BOMB\RELEASE\COMPLETE.OBJ
C:\USERS\USZ\DOCUMENTS\C C++ C#\BOOMANEK\BOMB\BOMB\RELEASE\CHARACTER.OBJ
C:\USERS\USZ\DOCUMENTS\C C++ C#\BOOMANEK\BOMB\BOMB\RELEASE\CHALLENGE.OBJ
C:\USERS\USZ\DOCUMENTS\C C++ C#\BOOMANEK\BOMB\BOMB\RELEASE\CAMERA.OBJ
C:\USERS\USZ\DOCUMENTS\C C++ C#\BOOMANEK\BOMB\BOMB\RELEASE\BOMB.OBJ
C:\USERS\USZ\DOCUMENTS\C C++ C#\BOOMANEK\BOMB\BOMB\RELEASE\ALLEGROFORM.OBJ
C:\USERS\USZ\DOCUMENTS\C C++ C#\BOOMANEK\BOMB\BOMB\RELEASE\ABOUT.OBJ
C:\USERS\USZ\DOCUMENTS\C C++ C#\BOOMANEK\BOMB\BOMB\RELEASE\VIEWCONTROLS.OBJ
C:\USERS\USZ\DOCUMENTS\C C++ C#\BOOMANEK\BOMB\BOMB\RELEASE\SETCONTROLS.OBJ
C:\USERS\USZ\DOCUMENTS\C C++ C#\BOOMANEK\BOMB\BOMB\RELEASE\ROUNDLOADER.OBJ
C:\USERS\USZ\DOCUMENTS\C C++ C#\BOOMANEK\BOMB\BOMB\RELEASE\ROUND.OBJ
C:\USERS\USZ\DOCUMENTS\C C++ C#\BOOMANEK\BOMB\BOMB\RELEASE\RESOURCES.OBJ
C:\USERS\USZ\DOCUMENTS\C C++ C#\BOOMANEK\BOMB\BOMB\RELEASE\PLAYER.OBJ
C:\USERS\USZ\DOCUMENTS\C C++ C#\BOOMANEK\BOMB\BOMB\RELEASE\VC110.PDB
C:\Users\usZ\Documents\C C++ C#\Boomanek\Bomb\Bomb\Release\About.obj
C:\Users\usZ\Documents\C C++ C#\Boomanek\Bomb\Bomb\Release\AllegroForm.obj
C:\Users\usZ\Documents\C C++ C#\Boomanek\Bomb\Bomb\Release\Bomb.obj
C:\Users\usZ\Documents\C C++ C#\Boomanek\Bomb\Bomb\Release\Camera.obj
C:\Users\usZ\Documents\C C++ C#\Boomanek\Bomb\Bomb\Release\Challenge.obj
C:\Users\usZ\Documents\C C++ C#\Boomanek\Bomb\Bomb\Release\Character.obj
C:\Users\usZ\Documents\C C++ C#\Boomanek\Bomb\Bomb\Release\Complete.obj
C:\Users\usZ\Documents\C C++ C#\Boomanek\Bomb\Bomb\Release\Field.obj
C:\Users\usZ\Documents\C C++ C#\Boomanek\Bomb\Bomb\Release\Game.obj
C:\Users\usZ\Documents\C C++ C#\Boomanek\Bomb\Bomb\Release\GameOver.obj
C:\Users\usZ\Documents\C C++ C#\Boomanek\Bomb\Bomb\Release\GameResources.obj
C:\Users\usZ\Documents\C C++ C#\Boomanek\Bomb\Bomb\Release\Interface.obj
C:\Users\usZ\Documents\C C++ C#\Boomanek\Bomb\Bomb\Release\Intro.obj
C:\Users\usZ\Documents\C C++ C#\Boomanek\Bomb\Bomb\Release\main.obj
C:\Users\usZ\Documents\C C++ C#\Boomanek\Bomb\Bomb\Release\MainMenu.obj
C:\Users\usZ\Documents\C C++ C#\Boomanek\Bomb\Bomb\Release\Map.obj
C:\Users\usZ\Documents\C C++ C#\Boomanek\Bomb\Bomb\Release\Menu.obj
C:\Users\usZ\Documents\C C++ C#\Boomanek\Bomb\Bomb\Release\Monster.obj
C:\Users\usZ\Documents\C C++ C#\Boomanek\Bomb\Bomb\Release\Options.obj
C:\Users\usZ\Documents\C C++ C#\Boomanek\Bomb\Bomb\Release\PauseMenu.obj
C:\Users\usZ\Documents\C C++ C#\Boomanek\Bomb\Bomb\Release\Player.obj
C:\Users\usZ\Documents\C C++ C#\Boomanek\Bomb\Bomb\Release\Resources.obj
C:\Users\usZ\Documents\C C++ C#\Boomanek\Bomb\Bomb\Release\Round.obj
C:\Users\usZ\Documents\C C++ C#\Boomanek\Bomb\Bomb\Release\RoundLoader.obj
C:\Users\usZ\Documents\C C++ C#\Boomanek\Bomb\Bomb\Release\SetControls.obj
C:\Users\usZ\Documents\C C++ C#\Boomanek\Bomb\Bomb\Release\ViewControls.obj
C:\Users\usZ\Documents\C C++ C#\Boomanek\Bomb\Bomb\Release\cl.command.1.tlog
C:\Users\usZ\Documents\C C++ C#\Boomanek\Bomb\Bomb\Release\CL.read.1.tlog
C:\Users\usZ\Documents\C C++ C#\Boomanek\Bomb\Bomb\Release\CL.write.1.tlog
C:\Users\usZ\Documents\C C++ C#\Boomanek\Bomb\Bomb\Release\link.command.1.tlog
C:\Users\usZ\Documents\C C++ C#\Boomanek\Bomb\Bomb\Release\link.read.1.tlog
C:\Users\usZ\Documents\C C++ C#\Boomanek\Bomb\Bomb\Release\link.write.1.tlog
C:\Users\usZ\Documents\C C++ C#\Boomanek\Bomb\Bomb\Release\vc110.pdb
