C:\USERS\USZ\DOCUMENTS\C C++ C#\BOOMANEK\BOMB\BOMB\DEBUG\COMPLETE.OBJ
C:\USERS\USZ\DOCUMENTS\C C++ C#\BOOMANEK\BOMB\BOMB\DEBUG\FIELD.OBJ
C:\USERS\USZ\DOCUMENTS\C C++ C#\BOOMANEK\BOMB\BOMB\DEBUG\GAME.OBJ
C:\USERS\USZ\DOCUMENTS\C C++ C#\BOOMANEK\BOMB\BOMB\DEBUG\GAMEOVER.OBJ
C:\USERS\USZ\DOCUMENTS\C C++ C#\BOOMANEK\BOMB\BOMB\DEBUG\GAMERESOURCES.OBJ
C:\USERS\USZ\DOCUMENTS\C C++ C#\BOOMANEK\BOMB\BOMB\DEBUG\INTERFACE.OBJ
C:\USERS\USZ\DOCUMENTS\C C++ C#\BOOMANEK\BOMB\BOMB\DEBUG\INTRO.OBJ
C:\USERS\USZ\DOCUMENTS\C C++ C#\BOOMANEK\BOMB\BOMB\DEBUG\MAIN.OBJ
C:\USERS\USZ\DOCUMENTS\C C++ C#\BOOMANEK\BOMB\BOMB\DEBUG\MAINMENU.OBJ
C:\USERS\USZ\DOCUMENTS\C C++ C#\BOOMANEK\BOMB\BOMB\DEBUG\MAP.OBJ
C:\USERS\USZ\DOCUMENTS\C C++ C#\BOOMANEK\BOMB\BOMB\DEBUG\MENU.OBJ
C:\USERS\USZ\DOCUMENTS\C C++ C#\BOOMANEK\BOMB\BOMB\DEBUG\MONSTER.OBJ
C:\USERS\USZ\DOCUMENTS\C C++ C#\BOOMANEK\BOMB\BOMB\DEBUG\OPTIONS.OBJ
C:\USERS\USZ\DOCUMENTS\C C++ C#\BOOMANEK\BOMB\BOMB\DEBUG\PAUSEMENU.OBJ
C:\USERS\USZ\DOCUMENTS\C C++ C#\BOOMANEK\BOMB\BOMB\DEBUG\PLAYER.OBJ
C:\USERS\USZ\DOCUMENTS\C C++ C#\BOOMANEK\BOMB\BOMB\DEBUG\RESOURCES.OBJ
C:\USERS\USZ\DOCUMENTS\C C++ C#\BOOMANEK\BOMB\BOMB\DEBUG\ROUND.OBJ
C:\USERS\USZ\DOCUMENTS\C C++ C#\BOOMANEK\BOMB\BOMB\DEBUG\ROUNDLOADER.OBJ
C:\USERS\USZ\DOCUMENTS\C C++ C#\BOOMANEK\BOMB\BOMB\DEBUG\SETCONTROLS.OBJ
C:\USERS\USZ\DOCUMENTS\C C++ C#\BOOMANEK\BOMB\BOMB\DEBUG\VIEWCONTROLS.OBJ
C:\USERS\USZ\DOCUMENTS\C C++ C#\BOOMANEK\BOMB\BOMB\DEBUG\ABOUT.OBJ
C:\USERS\USZ\DOCUMENTS\C C++ C#\BOOMANEK\BOMB\BOMB\DEBUG\ALLEGROFORM.OBJ
C:\USERS\USZ\DOCUMENTS\C C++ C#\BOOMANEK\BOMB\BOMB\DEBUG\BOMB.OBJ
C:\USERS\USZ\DOCUMENTS\C C++ C#\BOOMANEK\BOMB\BOMB\DEBUG\CAMERA.OBJ
C:\USERS\USZ\DOCUMENTS\C C++ C#\BOOMANEK\BOMB\BOMB\DEBUG\CHALLENGE.OBJ
C:\USERS\USZ\DOCUMENTS\C C++ C#\BOOMANEK\BOMB\BOMB\DEBUG\CHARACTER.OBJ
C:\USERS\USZ\DOCUMENTS\C C++ C#\BOOMANEK\BOMB\BOMB\DEBUG\VC110.PDB
C:\USERS\USZ\DOCUMENTS\C C++ C#\BOOMANEK\BOMB\DEBUG\BOMB.ILK
C:\USERS\USZ\DOCUMENTS\C C++ C#\BOOMANEK\BOMB\DEBUG\BOMB.EXE
C:\USERS\USZ\DOCUMENTS\C C++ C#\BOOMANEK\BOMB\DEBUG\BOMB.PDB
C:\Users\usZ\Documents\C C++ C#\Boomanek\Bomb\Bomb\Debug\About.obj
C:\Users\usZ\Documents\C C++ C#\Boomanek\Bomb\Bomb\Debug\AllegroForm.obj
C:\Users\usZ\Documents\C C++ C#\Boomanek\Bomb\Bomb\Debug\Bomb.obj
C:\Users\usZ\Documents\C C++ C#\Boomanek\Bomb\Bomb\Debug\Camera.obj
C:\Users\usZ\Documents\C C++ C#\Boomanek\Bomb\Bomb\Debug\Challenge.obj
C:\Users\usZ\Documents\C C++ C#\Boomanek\Bomb\Bomb\Debug\Character.obj
C:\Users\usZ\Documents\C C++ C#\Boomanek\Bomb\Bomb\Debug\Complete.obj
C:\Users\usZ\Documents\C C++ C#\Boomanek\Bomb\Bomb\Debug\Field.obj
C:\Users\usZ\Documents\C C++ C#\Boomanek\Bomb\Bomb\Debug\Game.obj
C:\Users\usZ\Documents\C C++ C#\Boomanek\Bomb\Bomb\Debug\GameOver.obj
C:\Users\usZ\Documents\C C++ C#\Boomanek\Bomb\Bomb\Debug\GameResources.obj
C:\Users\usZ\Documents\C C++ C#\Boomanek\Bomb\Bomb\Debug\Interface.obj
C:\Users\usZ\Documents\C C++ C#\Boomanek\Bomb\Bomb\Debug\Intro.obj
C:\Users\usZ\Documents\C C++ C#\Boomanek\Bomb\Bomb\Debug\main.obj
C:\Users\usZ\Documents\C C++ C#\Boomanek\Bomb\Bomb\Debug\MainMenu.obj
C:\Users\usZ\Documents\C C++ C#\Boomanek\Bomb\Bomb\Debug\Map.obj
C:\Users\usZ\Documents\C C++ C#\Boomanek\Bomb\Bomb\Debug\Menu.obj
C:\Users\usZ\Documents\C C++ C#\Boomanek\Bomb\Bomb\Debug\Monster.obj
C:\Users\usZ\Documents\C C++ C#\Boomanek\Bomb\Bomb\Debug\Options.obj
C:\Users\usZ\Documents\C C++ C#\Boomanek\Bomb\Bomb\Debug\PauseMenu.obj
C:\Users\usZ\Documents\C C++ C#\Boomanek\Bomb\Bomb\Debug\Player.obj
C:\Users\usZ\Documents\C C++ C#\Boomanek\Bomb\Bomb\Debug\Resources.obj
C:\Users\usZ\Documents\C C++ C#\Boomanek\Bomb\Bomb\Debug\Round.obj
C:\Users\usZ\Documents\C C++ C#\Boomanek\Bomb\Bomb\Debug\RoundLoader.obj
C:\Users\usZ\Documents\C C++ C#\Boomanek\Bomb\Bomb\Debug\SetControls.obj
C:\Users\usZ\Documents\C C++ C#\Boomanek\Bomb\Bomb\Debug\ViewControls.obj
C:\Users\usZ\Documents\C C++ C#\Boomanek\Bomb\Bomb\Debug\cl.command.1.tlog
C:\Users\usZ\Documents\C C++ C#\Boomanek\Bomb\Bomb\Debug\CL.read.1.tlog
C:\Users\usZ\Documents\C C++ C#\Boomanek\Bomb\Bomb\Debug\CL.write.1.tlog
C:\Users\usZ\Documents\C C++ C#\Boomanek\Bomb\Bomb\Debug\link-cvtres.read.1.tlog
C:\Users\usZ\Documents\C C++ C#\Boomanek\Bomb\Bomb\Debug\link-cvtres.write.1.tlog
C:\Users\usZ\Documents\C C++ C#\Boomanek\Bomb\Bomb\Debug\link-rc.read.1.tlog
C:\Users\usZ\Documents\C C++ C#\Boomanek\Bomb\Bomb\Debug\link-rc.write.1.tlog
C:\Users\usZ\Documents\C C++ C#\Boomanek\Bomb\Bomb\Debug\link.36-cvtres.read.1.tlog
C:\Users\usZ\Documents\C C++ C#\Boomanek\Bomb\Bomb\Debug\link.36-cvtres.write.1.tlog
C:\Users\usZ\Documents\C C++ C#\Boomanek\Bomb\Bomb\Debug\link.36-rc.read.1.tlog
C:\Users\usZ\Documents\C C++ C#\Boomanek\Bomb\Bomb\Debug\link.36-rc.write.1.tlog
C:\Users\usZ\Documents\C C++ C#\Boomanek\Bomb\Bomb\Debug\link.36.read.1.tlog
C:\Users\usZ\Documents\C C++ C#\Boomanek\Bomb\Bomb\Debug\link.36.write.1.tlog
C:\Users\usZ\Documents\C C++ C#\Boomanek\Bomb\Bomb\Debug\link.command.1.tlog
C:\Users\usZ\Documents\C C++ C#\Boomanek\Bomb\Bomb\Debug\link.read.1.tlog
C:\Users\usZ\Documents\C C++ C#\Boomanek\Bomb\Bomb\Debug\link.write.1.tlog
C:\Users\usZ\Documents\C C++ C#\Boomanek\Bomb\Bomb\Debug\vc110.idb
C:\Users\usZ\Documents\C C++ C#\Boomanek\Bomb\Bomb\Debug\vc110.pdb
C:\Users\usZ\Documents\C C++ C#\Boomanek\Bomb\Debug\Bomb.pdb
C:\Users\usZ\Documents\C C++ C#\Boomanek\Bomb\Debug\Bomb.exe
C:\Users\usZ\Documents\C C++ C#\Boomanek\Bomb\Debug\Bomb.ilk
